Sun Nov 22 22:02:14 CET 2015
temperatura: 16
Rele= 1

Sun Nov 22 22:07:15 CET 2015
temperatura: 16.062
Rele= 1

Sun Nov 22 22:12:16 CET 2015
temperatura: 16.187
Rele= 1

Sun Nov 22 22:17:17 CET 2015
temperatura: 16.25
Rele= 1

Sun Nov 22 22:22:18 CET 2015
temperatura: 16.312
Rele= 1

Sun Nov 22 22:27:19 CET 2015
temperatura: 16.375
Rele= 1

Sun Nov 22 22:32:20 CET 2015
temperatura: 16.5
Rele= 1

Sun Nov 22 22:37:21 CET 2015
temperatura: 16.562
Rele= 1

Sun Nov 22 22:42:22 CET 2015
temperatura: 16.625
Rele= 1

Sun Nov 22 22:47:23 CET 2015
temperatura: 16.687
Rele= 1

Sun Nov 22 22:52:24 CET 2015
temperatura: 16.812
Rele= 1

Sun Nov 22 22:57:25 CET 2015
temperatura: 16.875
Rele= 1

Sun Nov 22 23:02:26 CET 2015
temperatura: 16.937
Rele= 1

Sun Nov 22 23:07:27 CET 2015
temperatura: 17.062
Rele= 1

Sun Nov 22 23:12:28 CET 2015
temperatura: 17.125
Rele= 1

Sun Nov 22 23:17:29 CET 2015
temperatura: 17.187
Rele= 1

Sun Nov 22 23:22:30 CET 2015
temperatura: 17.25
Rele= 1

Sun Nov 22 23:27:31 CET 2015
temperatura: 17.312
Rele= 1

Sun Nov 22 23:32:32 CET 2015
temperatura: 17.375
Rele= 1

Sun Nov 22 23:37:33 CET 2015
temperatura: 17.437
Rele= 1

Sun Nov 22 23:42:34 CET 2015
temperatura: 17.5
Rele= 1

Sun Nov 22 23:47:35 CET 2015
temperatura: 17.625
Rele= 1

Sun Nov 22 23:52:36 CET 2015
temperatura: 17.75
Rele= 1

Sun Nov 22 23:57:37 CET 2015
temperatura: 17.937
Rele= 1

Mon Nov 23 00:02:38 CET 2015
temperatura: 18
Rele= 1

Mon Nov 23 00:07:39 CET 2015
temperatura: 18.125
Rele= 1

Mon Nov 23 00:12:40 CET 2015
temperatura: 18.25
Rele= 1

Mon Nov 23 00:17:41 CET 2015
temperatura: 18.25
Rele= 1

Mon Nov 23 00:22:42 CET 2015
temperatura: 18.312
Rele= 1

Mon Nov 23 00:27:43 CET 2015
temperatura: 18.375
Rele= 1

Mon Nov 23 00:32:44 CET 2015
temperatura: 18.437
Rele= 1

Mon Nov 23 00:37:45 CET 2015
temperatura: 18.5
Rele= 1

